[+] Containers:
 |- [+] Container: /Game/Maps/Gameplay/DecreaseSizeOverTime
 |   |- [+] ActorDescs:
 |   |   |- Guid:126971BC4B7CC5252D13D9AAB918696F BaseClass: NativeClass:/Script/Landscape.LandscapeStreamingProxy Name:LandscapeStreamingProxy_76KO0M9DK23K4J39FIM28DFU5_126_3_3_0 Label:LandscapeStreamingProxy_3_3_0 SpatiallyLoaded:1 Bounds:IsValid=true, Min=(X=12600.000 Y=12600.000 Z=0.000), Max=(X=25200.000 Y=25200.000 Z=200.000) RuntimeGrid:None EditorOnly:0 RuntimeOnly:0 HLODRelevant:1
 |   |   |- Guid:1C7E536544B0DB9A42E5E5B02859A0FC BaseClass: NativeClass:/Script/Engine.SkyLight Name:SkyLight_1 Label:SkyLight SpatiallyLoaded:0 Bounds:IsValid=true, Min=(X=0.000 Y=0.000 Z=690.000), Max=(X=0.000 Y=0.000 Z=690.000) RuntimeGrid:None EditorOnly:0 RuntimeOnly:0 HLODRelevant:0 FolderPath:Lighting FolderGuid:963EC3EB4002CCE9759E2EBA541A873A
 |   |   |- Guid:1CC6C1E84B3E7474613B58BABF355313 BaseClass: NativeClass:/Script/Engine.DirectionalLight Name:DirectionalLight_0 Label:DirectionalLight SpatiallyLoaded:0 Bounds:IsValid=true, Min=(X=-4398046511104.000 Y=-4398046511104.000 Z=-4398046511104.000), Max=(X=4398046511104.000 Y=4398046511104.000 Z=4398046511104.000) RuntimeGrid:None EditorOnly:0 RuntimeOnly:0 HLODRelevant:0 FolderPath:Lighting FolderGuid:963EC3EB4002CCE9759E2EBA541A873A
 |   |   |- Guid:202D838B4296C65648F652BF129AFFAE BaseClass:/Game/Blueprints/BP_Trash.BP_Trash_C NativeClass:/Script/Engine.Actor Name:BP_Trash_C_UAID_70CD0DF2DDBA8B8701_1961145183 Label:BP_Trash SpatiallyLoaded:1 Bounds:IsValid=true, Min=(X=0.000 Y=0.000 Z=0.000), Max=(X=0.000 Y=0.000 Z=0.000) RuntimeGrid:None EditorOnly:0 RuntimeOnly:0 HLODRelevant:0 HLODLayer:/Engine/OpenWorldTemplate/HLOD/HLOD0_Instancing.HLOD0_Instancing FolderPath:Trash FolderGuid:B9F5D6A54A6B84A8C6068398DC3A0D3A
 |   |   |- Guid:27C6CD9C4FC7B171918AA5BB29925EC3 BaseClass: NativeClass:/Script/Landscape.LandscapeStreamingProxy Name:LandscapeStreamingProxy_76KO0M9DK23K4J39FIM28DFU5_126_2_2_0 Label:LandscapeStreamingProxy_2_2_0 SpatiallyLoaded:1 Bounds:IsValid=true, Min=(X=0.000 Y=0.000 Z=-398.438), Max=(X=12600.000 Y=12600.000 Z=200.000) RuntimeGrid:None EditorOnly:0 RuntimeOnly:0 HLODRelevant:1
 |   |   |- Guid:37D08595480EC0CD4E165496E04967D1 BaseClass: NativeClass:/Script/Landscape.LandscapeStreamingProxy Name:LandscapeStreamingProxy_76KO0M9DK23K4J39FIM28DFU5_126_0_2_0 Label:LandscapeStreamingProxy_0_2_0 SpatiallyLoaded:1 Bounds:IsValid=true, Min=(X=-25200.000 Y=0.000 Z=0.000), Max=(X=-12600.000 Y=12600.000 Z=200.000) RuntimeGrid:None EditorOnly:0 RuntimeOnly:0 HLODRelevant:1
 |   |   |- Guid:39288AFF49679FA5A2741E9B6777D95C BaseClass: NativeClass:/Script/Landscape.LandscapeStreamingProxy Name:LandscapeStreamingProxy_76KO0M9DK23K4J39FIM28DFU5_126_1_3_0 Label:LandscapeStreamingProxy_1_3_0 SpatiallyLoaded:1 Bounds:IsValid=true, Min=(X=-12600.000 Y=12600.000 Z=0.000), Max=(X=0.000 Y=25200.000 Z=200.000) RuntimeGrid:None EditorOnly:0 RuntimeOnly:0 HLODRelevant:1
 |   |   |- Guid:4BDE7E3F4B3B38BA006B40B872C58FE0 BaseClass: NativeClass:/Script/Landscape.LandscapeStreamingProxy Name:LandscapeStreamingProxy_76KO0M9DK23K4J39FIM28DFU5_126_0_3_0 Label:LandscapeStreamingProxy_0_3_0 SpatiallyLoaded:1 Bounds:IsValid=true, Min=(X=-25200.000 Y=12600.000 Z=0.000), Max=(X=-12600.000 Y=25200.000 Z=200.000) RuntimeGrid:None EditorOnly:0 RuntimeOnly:0 HLODRelevant:1
 |   |   |- Guid:62EB837D490AEC93F4142DBA8AC225C2 BaseClass: NativeClass:/Script/Landscape.LandscapeStreamingProxy Name:LandscapeStreamingProxy_76KO0M9DK23K4J39FIM28DFU5_126_2_0_0 Label:LandscapeStreamingProxy_2_0_0 SpatiallyLoaded:1 Bounds:IsValid=true, Min=(X=0.000 Y=-25200.000 Z=0.000), Max=(X=12600.000 Y=-12600.000 Z=200.000) RuntimeGrid:None EditorOnly:0 RuntimeOnly:0 HLODRelevant:1
 |   |   |- Guid:821BBE9C4EF531253B4CCE94AEAB5926 BaseClass: NativeClass:/Script/Engine.ExponentialHeightFog Name:ExponentialHeightFog_0 Label:ExponentialHeightFog SpatiallyLoaded:0 Bounds:IsValid=true, Min=(X=-5600.000 Y=-50.000 Z=-6850.000), Max=(X=-5600.000 Y=-50.000 Z=-6850.000) RuntimeGrid:None EditorOnly:0 RuntimeOnly:0 HLODRelevant:0 FolderPath:Lighting FolderGuid:963EC3EB4002CCE9759E2EBA541A873A
 |   |   |- Guid:94A27ECE4076A151D956C891F1EBF312 BaseClass: NativeClass:/Script/Landscape.LandscapeStreamingProxy Name:LandscapeStreamingProxy_76KO0M9DK23K4J39FIM28DFU5_126_1_0_0 Label:LandscapeStreamingProxy_1_0_0 SpatiallyLoaded:1 Bounds:IsValid=true, Min=(X=-12600.000 Y=-25200.000 Z=0.000), Max=(X=0.000 Y=-12600.000 Z=200.000) RuntimeGrid:None EditorOnly:0 RuntimeOnly:0 HLODRelevant:1
 |   |   |- Guid:968C2F38425E98A4B3A7768A7B5A6933 BaseClass: NativeClass:/Script/Landscape.LandscapeStreamingProxy Name:LandscapeStreamingProxy_76KO0M9DK23K4J39FIM28DFU5_126_3_1_0 Label:LandscapeStreamingProxy_3_1_0 SpatiallyLoaded:1 Bounds:IsValid=true, Min=(X=12600.000 Y=-12600.000 Z=0.000), Max=(X=25200.000 Y=0.000 Z=200.000) RuntimeGrid:None EditorOnly:0 RuntimeOnly:0 HLODRelevant:1
 |   |   |- Guid:99102AA04C7294BE78A74388F5668A8C BaseClass: NativeClass:/Script/Landscape.LandscapeStreamingProxy Name:LandscapeStreamingProxy_76KO0M9DK23K4J39FIM28DFU5_126_1_2_0 Label:LandscapeStreamingProxy_1_2_0 SpatiallyLoaded:1 Bounds:IsValid=true, Min=(X=-12600.000 Y=0.000 Z=-364.062), Max=(X=0.000 Y=12600.000 Z=200.000) RuntimeGrid:None EditorOnly:0 RuntimeOnly:0 HLODRelevant:1
 |   |   |- Guid:9EC9ABC140AC6C1C2451C5B8147B2DE8 BaseClass: NativeClass:/Script/Landscape.LandscapeStreamingProxy Name:LandscapeStreamingProxy_76KO0M9DK23K4J39FIM28DFU5_126_0_1_0 Label:LandscapeStreamingProxy_0_1_0 SpatiallyLoaded:1 Bounds:IsValid=true, Min=(X=-25200.000 Y=-12600.000 Z=0.000), Max=(X=-12600.000 Y=0.000 Z=200.000) RuntimeGrid:None EditorOnly:0 RuntimeOnly:0 HLODRelevant:1
 |   |   |- Guid:9F1DA88D49648C24763062833242CE14 BaseClass: NativeClass:/Script/Engine.PostProcessVolume Name:PostProcessVolume_0 Label:PostProcessVolume SpatiallyLoaded:0 Bounds:IsValid=true, Min=(X=0.000 Y=0.000 Z=400.000), Max=(X=200.000 Y=200.000 Z=600.000) RuntimeGrid:None EditorOnly:0 RuntimeOnly:0 HLODRelevant:0 FolderPath:Lighting FolderGuid:963EC3EB4002CCE9759E2EBA541A873A
 |   |   |- Guid:AA03EE9245713E8BFE48369AFCAF8C9B BaseClass: NativeClass:/Script/Engine.SkyAtmosphere Name:SkyAtmosphere_0 Label:SkyAtmosphere SpatiallyLoaded:0 Bounds:IsValid=true, Min=(X=0.000 Y=0.000 Z=1020.000), Max=(X=0.000 Y=0.000 Z=1020.000) RuntimeGrid:None EditorOnly:0 RuntimeOnly:0 HLODRelevant:0 FolderPath:Lighting FolderGuid:963EC3EB4002CCE9759E2EBA541A873A
 |   |   |- Guid:B1329BAC43DE1DCD6D0B86AF90115632 BaseClass: NativeClass:/Script/Landscape.LandscapeStreamingProxy Name:LandscapeStreamingProxy_76KO0M9DK23K4J39FIM28DFU5_126_3_0_0 Label:LandscapeStreamingProxy_3_0_0 SpatiallyLoaded:1 Bounds:IsValid=true, Min=(X=12600.000 Y=-25200.000 Z=0.000), Max=(X=25200.000 Y=-12600.000 Z=200.000) RuntimeGrid:None EditorOnly:0 RuntimeOnly:0 HLODRelevant:1
 |   |   |- Guid:B1C9D67B4C247EEDC6A583BC5BE77CAD BaseClass: NativeClass:/Script/Engine.WorldDataLayers Name:WorldDataLayers Label:WorldDataLayers SpatiallyLoaded:0 Bounds:IsValid=true, Min=(X=0.000 Y=0.000 Z=0.000), Max=(X=0.000 Y=0.000 Z=0.000) RuntimeGrid:None EditorOnly:0 RuntimeOnly:0 HLODRelevant:0
 |   |   |- Guid:B32E61F243342CF2E01B5C90E236660D BaseClass: NativeClass:/Script/Landscape.LandscapeStreamingProxy Name:LandscapeStreamingProxy_76KO0M9DK23K4J39FIM28DFU5_126_0_0_0 Label:LandscapeStreamingProxy_0_0_0 SpatiallyLoaded:1 Bounds:IsValid=true, Min=(X=-25200.000 Y=-25200.000 Z=0.000), Max=(X=-12600.000 Y=-12600.000 Z=200.000) RuntimeGrid:None EditorOnly:0 RuntimeOnly:0 HLODRelevant:1
 |   |   |- Guid:BE4CB0F34B4D76FA2A952EBD50B9F935 BaseClass: NativeClass:/Script/Water.WaterBodyLake Name:WaterBodyLake_UAID_FC3497A4A7DE54AD01_1286142632 Label:WaterBodyLake SpatiallyLoaded:1 Bounds:IsValid=true, Min=(X=-2260.951 Y=-4083.940 Z=-550.000), Max=(X=5368.007 Y=5712.467 Z=100.000) RuntimeGrid:None EditorOnly:0 RuntimeOnly:0 HLODRelevant:1
 |   |   |- Guid:D391BBA04CFFD1B9487E7DAA511E3231 BaseClass: NativeClass:/Script/Landscape.Landscape Name:Landscape_UAID_FC3497A4A7DE54AD01_1268339631 Label:Landscape SpatiallyLoaded:0 Bounds:IsValid=true, Min=(X=-25200.000 Y=-25200.000 Z=100.000), Max=(X=-25200.000 Y=-25200.000 Z=100.000) RuntimeGrid:None EditorOnly:0 RuntimeOnly:0 HLODRelevant:0
 |   |   |- Guid:DBC1752C4CA60578FC3A40A0B45469EE BaseClass: NativeClass:/Script/Landscape.LandscapeStreamingProxy Name:LandscapeStreamingProxy_76KO0M9DK23K4J39FIM28DFU5_126_2_1_0 Label:LandscapeStreamingProxy_2_1_0 SpatiallyLoaded:1 Bounds:IsValid=true, Min=(X=0.000 Y=-12600.000 Z=-398.438), Max=(X=12600.000 Y=0.000 Z=200.000) RuntimeGrid:None EditorOnly:0 RuntimeOnly:0 HLODRelevant:1
 |   |   |- Guid:DDDFF0E24CF5F767BFC43DB45EB2DAF9 BaseClass: NativeClass:/Script/Landscape.LandscapeStreamingProxy Name:LandscapeStreamingProxy_76KO0M9DK23K4J39FIM28DFU5_126_1_1_0 Label:LandscapeStreamingProxy_1_1_0 SpatiallyLoaded:1 Bounds:IsValid=true, Min=(X=-12600.000 Y=-12600.000 Z=-397.656), Max=(X=0.000 Y=0.000 Z=200.000) RuntimeGrid:None EditorOnly:0 RuntimeOnly:0 HLODRelevant:1
 |   |   |- Guid:DEA6CB3C467DDFDC0CEDEEA2C3D6D75C BaseClass: NativeClass:/Script/Water.WaterZone Name:WaterZone_UAID_FC3497A4A7DE54AD01_1286169633 Label:WaterZone SpatiallyLoaded:0 Bounds:IsValid=true, Min=(X=-25600.000 Y=-25600.000 Z=-25600.000), Max=(X=25600.000 Y=25600.000 Z=25600.000) RuntimeGrid:None EditorOnly:0 RuntimeOnly:0 HLODRelevant:0
 |   |   |- Guid:E22DDF1E40B28A6FCBD6D9AB0FC6968A BaseClass: NativeClass:/Script/Engine.PlayerStart Name:PlayerStart_UAID_001A7DDA7115B08901_1998830807 Label:PlayerStart SpatiallyLoaded:0 Bounds:IsValid=true, Min=(X=-300.000 Y=-1460.000 Z=-14.741), Max=(X=-220.000 Y=-1380.000 Z=169.259) RuntimeGrid:None EditorOnly:0 RuntimeOnly:0 HLODRelevant:0
 |   |   |- Guid:E302F3434FF4E3F29926498FE33DA379 BaseClass: NativeClass:/Script/WaterEditor.WaterBrushManager Name:Landscape_WaterBrushManager_0 Label:Landscape_WaterBrushManager SpatiallyLoaded:0 Bounds:IsValid=true, Min=(X=0.000 Y=0.000 Z=0.000), Max=(X=350.000 Y=350.000 Z=50000.000) RuntimeGrid:None EditorOnly:0 RuntimeOnly:0 HLODRelevant:0
 |   |   |- Guid:F51D223B440B058808022680ECAE6F47 BaseClass: NativeClass:/Script/Landscape.LandscapeStreamingProxy Name:LandscapeStreamingProxy_76KO0M9DK23K4J39FIM28DFU5_126_3_2_0 Label:LandscapeStreamingProxy_3_2_0 SpatiallyLoaded:1 Bounds:IsValid=true, Min=(X=12600.000 Y=0.000 Z=0.000), Max=(X=25200.000 Y=12600.000 Z=200.000) RuntimeGrid:None EditorOnly:0 RuntimeOnly:0 HLODRelevant:1
 |   |   |- Guid:F68AF7094149BFB1BDF046B45D81717C BaseClass: NativeClass:/Script/Landscape.LandscapeStreamingProxy Name:LandscapeStreamingProxy_76KO0M9DK23K4J39FIM28DFU5_126_2_3_0 Label:LandscapeStreamingProxy_2_3_0 SpatiallyLoaded:1 Bounds:IsValid=true, Min=(X=0.000 Y=12600.000 Z=0.000), Max=(X=12600.000 Y=25200.000 Z=200.000) RuntimeGrid:None EditorOnly:0 RuntimeOnly:0 HLODRelevant:1
 |   |- [+] Clusters:
 |   |   |- [+] [  0]
 |   |   |   |- Guid:AA03EE9245713E8BFE48369AFCAF8C9B BaseClass: NativeClass:/Script/Engine.SkyAtmosphere Name:SkyAtmosphere_0 Label:SkyAtmosphere SpatiallyLoaded:0 Bounds:IsValid=true, Min=(X=0.000 Y=0.000 Z=1020.000), Max=(X=0.000 Y=0.000 Z=1020.000) RuntimeGrid:None EditorOnly:0 RuntimeOnly:0 HLODRelevant:0 FolderPath:Lighting FolderGuid:963EC3EB4002CCE9759E2EBA541A873A
 |   |   |- [+] [  1]
 |   |   |   |- Guid:202D838B4296C65648F652BF129AFFAE BaseClass:/Game/Blueprints/BP_Trash.BP_Trash_C NativeClass:/Script/Engine.Actor Name:BP_Trash_C_UAID_70CD0DF2DDBA8B8701_1961145183 Label:BP_Trash SpatiallyLoaded:1 Bounds:IsValid=true, Min=(X=0.000 Y=0.000 Z=0.000), Max=(X=0.000 Y=0.000 Z=0.000) RuntimeGrid:None EditorOnly:0 RuntimeOnly:0 HLODRelevant:0 HLODLayer:/Engine/OpenWorldTemplate/HLOD/HLOD0_Instancing.HLOD0_Instancing FolderPath:Trash FolderGuid:B9F5D6A54A6B84A8C6068398DC3A0D3A
 |   |   |- [+] [  2]
 |   |   |   |- Guid:1CC6C1E84B3E7474613B58BABF355313 BaseClass: NativeClass:/Script/Engine.DirectionalLight Name:DirectionalLight_0 Label:DirectionalLight SpatiallyLoaded:0 Bounds:IsValid=true, Min=(X=-4398046511104.000 Y=-4398046511104.000 Z=-4398046511104.000), Max=(X=4398046511104.000 Y=4398046511104.000 Z=4398046511104.000) RuntimeGrid:None EditorOnly:0 RuntimeOnly:0 HLODRelevant:0 FolderPath:Lighting FolderGuid:963EC3EB4002CCE9759E2EBA541A873A
 |   |   |- [+] [  3]
 |   |   |   |- Guid:E22DDF1E40B28A6FCBD6D9AB0FC6968A BaseClass: NativeClass:/Script/Engine.PlayerStart Name:PlayerStart_UAID_001A7DDA7115B08901_1998830807 Label:PlayerStart SpatiallyLoaded:0 Bounds:IsValid=true, Min=(X=-300.000 Y=-1460.000 Z=-14.741), Max=(X=-220.000 Y=-1380.000 Z=169.259) RuntimeGrid:None EditorOnly:0 RuntimeOnly:0 HLODRelevant:0
 |   |   |- [+] [  4]
 |   |   |   |- Guid:821BBE9C4EF531253B4CCE94AEAB5926 BaseClass: NativeClass:/Script/Engine.ExponentialHeightFog Name:ExponentialHeightFog_0 Label:ExponentialHeightFog SpatiallyLoaded:0 Bounds:IsValid=true, Min=(X=-5600.000 Y=-50.000 Z=-6850.000), Max=(X=-5600.000 Y=-50.000 Z=-6850.000) RuntimeGrid:None EditorOnly:0 RuntimeOnly:0 HLODRelevant:0 FolderPath:Lighting FolderGuid:963EC3EB4002CCE9759E2EBA541A873A
 |   |   |- [+] [  5]
 |   |   |   |- Guid:9F1DA88D49648C24763062833242CE14 BaseClass: NativeClass:/Script/Engine.PostProcessVolume Name:PostProcessVolume_0 Label:PostProcessVolume SpatiallyLoaded:0 Bounds:IsValid=true, Min=(X=0.000 Y=0.000 Z=400.000), Max=(X=200.000 Y=200.000 Z=600.000) RuntimeGrid:None EditorOnly:0 RuntimeOnly:0 HLODRelevant:0 FolderPath:Lighting FolderGuid:963EC3EB4002CCE9759E2EBA541A873A
 |   |   |- [+] [  6]
 |   |   |   |- Guid:1C7E536544B0DB9A42E5E5B02859A0FC BaseClass: NativeClass:/Script/Engine.SkyLight Name:SkyLight_1 Label:SkyLight SpatiallyLoaded:0 Bounds:IsValid=true, Min=(X=0.000 Y=0.000 Z=690.000), Max=(X=0.000 Y=0.000 Z=690.000) RuntimeGrid:None EditorOnly:0 RuntimeOnly:0 HLODRelevant:0 FolderPath:Lighting FolderGuid:963EC3EB4002CCE9759E2EBA541A873A
 |   |   |- [+] [  7]
 |   |   |   |- Guid:B1C9D67B4C247EEDC6A583BC5BE77CAD BaseClass: NativeClass:/Script/Engine.WorldDataLayers Name:WorldDataLayers Label:WorldDataLayers SpatiallyLoaded:0 Bounds:IsValid=true, Min=(X=0.000 Y=0.000 Z=0.000), Max=(X=0.000 Y=0.000 Z=0.000) RuntimeGrid:None EditorOnly:0 RuntimeOnly:0 HLODRelevant:0
 |   |   |- [+] [  8]
 |   |   |   |- Guid:D391BBA04CFFD1B9487E7DAA511E3231 BaseClass: NativeClass:/Script/Landscape.Landscape Name:Landscape_UAID_FC3497A4A7DE54AD01_1268339631 Label:Landscape SpatiallyLoaded:0 Bounds:IsValid=true, Min=(X=-25200.000 Y=-25200.000 Z=100.000), Max=(X=-25200.000 Y=-25200.000 Z=100.000) RuntimeGrid:None EditorOnly:0 RuntimeOnly:0 HLODRelevant:0
 |   |   |   |- Guid:E302F3434FF4E3F29926498FE33DA379 BaseClass: NativeClass:/Script/WaterEditor.WaterBrushManager Name:Landscape_WaterBrushManager_0 Label:Landscape_WaterBrushManager SpatiallyLoaded:0 Bounds:IsValid=true, Min=(X=0.000 Y=0.000 Z=0.000), Max=(X=350.000 Y=350.000 Z=50000.000) RuntimeGrid:None EditorOnly:0 RuntimeOnly:0 HLODRelevant:0
 |   |   |- [+] [  9]
 |   |   |   |- Guid:B32E61F243342CF2E01B5C90E236660D BaseClass: NativeClass:/Script/Landscape.LandscapeStreamingProxy Name:LandscapeStreamingProxy_76KO0M9DK23K4J39FIM28DFU5_126_0_0_0 Label:LandscapeStreamingProxy_0_0_0 SpatiallyLoaded:1 Bounds:IsValid=true, Min=(X=-25200.000 Y=-25200.000 Z=0.000), Max=(X=-12600.000 Y=-12600.000 Z=200.000) RuntimeGrid:None EditorOnly:0 RuntimeOnly:0 HLODRelevant:1
 |   |   |- [+] [ 10]
 |   |   |   |- Guid:94A27ECE4076A151D956C891F1EBF312 BaseClass: NativeClass:/Script/Landscape.LandscapeStreamingProxy Name:LandscapeStreamingProxy_76KO0M9DK23K4J39FIM28DFU5_126_1_0_0 Label:LandscapeStreamingProxy_1_0_0 SpatiallyLoaded:1 Bounds:IsValid=true, Min=(X=-12600.000 Y=-25200.000 Z=0.000), Max=(X=0.000 Y=-12600.000 Z=200.000) RuntimeGrid:None EditorOnly:0 RuntimeOnly:0 HLODRelevant:1
 |   |   |- [+] [ 11]
 |   |   |   |- Guid:62EB837D490AEC93F4142DBA8AC225C2 BaseClass: NativeClass:/Script/Landscape.LandscapeStreamingProxy Name:LandscapeStreamingProxy_76KO0M9DK23K4J39FIM28DFU5_126_2_0_0 Label:LandscapeStreamingProxy_2_0_0 SpatiallyLoaded:1 Bounds:IsValid=true, Min=(X=0.000 Y=-25200.000 Z=0.000), Max=(X=12600.000 Y=-12600.000 Z=200.000) RuntimeGrid:None EditorOnly:0 RuntimeOnly:0 HLODRelevant:1
 |   |   |- [+] [ 12]
 |   |   |   |- Guid:B1329BAC43DE1DCD6D0B86AF90115632 BaseClass: NativeClass:/Script/Landscape.LandscapeStreamingProxy Name:LandscapeStreamingProxy_76KO0M9DK23K4J39FIM28DFU5_126_3_0_0 Label:LandscapeStreamingProxy_3_0_0 SpatiallyLoaded:1 Bounds:IsValid=true, Min=(X=12600.000 Y=-25200.000 Z=0.000), Max=(X=25200.000 Y=-12600.000 Z=200.000) RuntimeGrid:None EditorOnly:0 RuntimeOnly:0 HLODRelevant:1
 |   |   |- [+] [ 13]
 |   |   |   |- Guid:9EC9ABC140AC6C1C2451C5B8147B2DE8 BaseClass: NativeClass:/Script/Landscape.LandscapeStreamingProxy Name:LandscapeStreamingProxy_76KO0M9DK23K4J39FIM28DFU5_126_0_1_0 Label:LandscapeStreamingProxy_0_1_0 SpatiallyLoaded:1 Bounds:IsValid=true, Min=(X=-25200.000 Y=-12600.000 Z=0.000), Max=(X=-12600.000 Y=0.000 Z=200.000) RuntimeGrid:None EditorOnly:0 RuntimeOnly:0 HLODRelevant:1
 |   |   |- [+] [ 14]
 |   |   |   |- Guid:DDDFF0E24CF5F767BFC43DB45EB2DAF9 BaseClass: NativeClass:/Script/Landscape.LandscapeStreamingProxy Name:LandscapeStreamingProxy_76KO0M9DK23K4J39FIM28DFU5_126_1_1_0 Label:LandscapeStreamingProxy_1_1_0 SpatiallyLoaded:1 Bounds:IsValid=true, Min=(X=-12600.000 Y=-12600.000 Z=-397.656), Max=(X=0.000 Y=0.000 Z=200.000) RuntimeGrid:None EditorOnly:0 RuntimeOnly:0 HLODRelevant:1
 |   |   |- [+] [ 15]
 |   |   |   |- Guid:DBC1752C4CA60578FC3A40A0B45469EE BaseClass: NativeClass:/Script/Landscape.LandscapeStreamingProxy Name:LandscapeStreamingProxy_76KO0M9DK23K4J39FIM28DFU5_126_2_1_0 Label:LandscapeStreamingProxy_2_1_0 SpatiallyLoaded:1 Bounds:IsValid=true, Min=(X=0.000 Y=-12600.000 Z=-398.438), Max=(X=12600.000 Y=0.000 Z=200.000) RuntimeGrid:None EditorOnly:0 RuntimeOnly:0 HLODRelevant:1
 |   |   |- [+] [ 16]
 |   |   |   |- Guid:968C2F38425E98A4B3A7768A7B5A6933 BaseClass: NativeClass:/Script/Landscape.LandscapeStreamingProxy Name:LandscapeStreamingProxy_76KO0M9DK23K4J39FIM28DFU5_126_3_1_0 Label:LandscapeStreamingProxy_3_1_0 SpatiallyLoaded:1 Bounds:IsValid=true, Min=(X=12600.000 Y=-12600.000 Z=0.000), Max=(X=25200.000 Y=0.000 Z=200.000) RuntimeGrid:None EditorOnly:0 RuntimeOnly:0 HLODRelevant:1
 |   |   |- [+] [ 17]
 |   |   |   |- Guid:37D08595480EC0CD4E165496E04967D1 BaseClass: NativeClass:/Script/Landscape.LandscapeStreamingProxy Name:LandscapeStreamingProxy_76KO0M9DK23K4J39FIM28DFU5_126_0_2_0 Label:LandscapeStreamingProxy_0_2_0 SpatiallyLoaded:1 Bounds:IsValid=true, Min=(X=-25200.000 Y=0.000 Z=0.000), Max=(X=-12600.000 Y=12600.000 Z=200.000) RuntimeGrid:None EditorOnly:0 RuntimeOnly:0 HLODRelevant:1
 |   |   |- [+] [ 18]
 |   |   |   |- Guid:99102AA04C7294BE78A74388F5668A8C BaseClass: NativeClass:/Script/Landscape.LandscapeStreamingProxy Name:LandscapeStreamingProxy_76KO0M9DK23K4J39FIM28DFU5_126_1_2_0 Label:LandscapeStreamingProxy_1_2_0 SpatiallyLoaded:1 Bounds:IsValid=true, Min=(X=-12600.000 Y=0.000 Z=-364.062), Max=(X=0.000 Y=12600.000 Z=200.000) RuntimeGrid:None EditorOnly:0 RuntimeOnly:0 HLODRelevant:1
 |   |   |- [+] [ 19]
 |   |   |   |- Guid:27C6CD9C4FC7B171918AA5BB29925EC3 BaseClass: NativeClass:/Script/Landscape.LandscapeStreamingProxy Name:LandscapeStreamingProxy_76KO0M9DK23K4J39FIM28DFU5_126_2_2_0 Label:LandscapeStreamingProxy_2_2_0 SpatiallyLoaded:1 Bounds:IsValid=true, Min=(X=0.000 Y=0.000 Z=-398.438), Max=(X=12600.000 Y=12600.000 Z=200.000) RuntimeGrid:None EditorOnly:0 RuntimeOnly:0 HLODRelevant:1
 |   |   |- [+] [ 20]
 |   |   |   |- Guid:F51D223B440B058808022680ECAE6F47 BaseClass: NativeClass:/Script/Landscape.LandscapeStreamingProxy Name:LandscapeStreamingProxy_76KO0M9DK23K4J39FIM28DFU5_126_3_2_0 Label:LandscapeStreamingProxy_3_2_0 SpatiallyLoaded:1 Bounds:IsValid=true, Min=(X=12600.000 Y=0.000 Z=0.000), Max=(X=25200.000 Y=12600.000 Z=200.000) RuntimeGrid:None EditorOnly:0 RuntimeOnly:0 HLODRelevant:1
 |   |   |- [+] [ 21]
 |   |   |   |- Guid:4BDE7E3F4B3B38BA006B40B872C58FE0 BaseClass: NativeClass:/Script/Landscape.LandscapeStreamingProxy Name:LandscapeStreamingProxy_76KO0M9DK23K4J39FIM28DFU5_126_0_3_0 Label:LandscapeStreamingProxy_0_3_0 SpatiallyLoaded:1 Bounds:IsValid=true, Min=(X=-25200.000 Y=12600.000 Z=0.000), Max=(X=-12600.000 Y=25200.000 Z=200.000) RuntimeGrid:None EditorOnly:0 RuntimeOnly:0 HLODRelevant:1
 |   |   |- [+] [ 22]
 |   |   |   |- Guid:39288AFF49679FA5A2741E9B6777D95C BaseClass: NativeClass:/Script/Landscape.LandscapeStreamingProxy Name:LandscapeStreamingProxy_76KO0M9DK23K4J39FIM28DFU5_126_1_3_0 Label:LandscapeStreamingProxy_1_3_0 SpatiallyLoaded:1 Bounds:IsValid=true, Min=(X=-12600.000 Y=12600.000 Z=0.000), Max=(X=0.000 Y=25200.000 Z=200.000) RuntimeGrid:None EditorOnly:0 RuntimeOnly:0 HLODRelevant:1
 |   |   |- [+] [ 23]
 |   |   |   |- Guid:F68AF7094149BFB1BDF046B45D81717C BaseClass: NativeClass:/Script/Landscape.LandscapeStreamingProxy Name:LandscapeStreamingProxy_76KO0M9DK23K4J39FIM28DFU5_126_2_3_0 Label:LandscapeStreamingProxy_2_3_0 SpatiallyLoaded:1 Bounds:IsValid=true, Min=(X=0.000 Y=12600.000 Z=0.000), Max=(X=12600.000 Y=25200.000 Z=200.000) RuntimeGrid:None EditorOnly:0 RuntimeOnly:0 HLODRelevant:1
 |   |   |- [+] [ 24]
 |   |   |   |- Guid:126971BC4B7CC5252D13D9AAB918696F BaseClass: NativeClass:/Script/Landscape.LandscapeStreamingProxy Name:LandscapeStreamingProxy_76KO0M9DK23K4J39FIM28DFU5_126_3_3_0 Label:LandscapeStreamingProxy_3_3_0 SpatiallyLoaded:1 Bounds:IsValid=true, Min=(X=12600.000 Y=12600.000 Z=0.000), Max=(X=25200.000 Y=25200.000 Z=200.000) RuntimeGrid:None EditorOnly:0 RuntimeOnly:0 HLODRelevant:1
 |   |   |- [+] [ 25]
 |   |   |   |- Guid:BE4CB0F34B4D76FA2A952EBD50B9F935 BaseClass: NativeClass:/Script/Water.WaterBodyLake Name:WaterBodyLake_UAID_FC3497A4A7DE54AD01_1286142632 Label:WaterBodyLake SpatiallyLoaded:1 Bounds:IsValid=true, Min=(X=-2260.951 Y=-4083.940 Z=-550.000), Max=(X=5368.007 Y=5712.467 Z=100.000) RuntimeGrid:None EditorOnly:0 RuntimeOnly:0 HLODRelevant:1
 |   |   |- [+] [ 26]
 |   |   |   |- Guid:DEA6CB3C467DDFDC0CEDEEA2C3D6D75C BaseClass: NativeClass:/Script/Water.WaterZone Name:WaterZone_UAID_FC3497A4A7DE54AD01_1286169633 Label:WaterZone SpatiallyLoaded:0 Bounds:IsValid=true, Min=(X=-25600.000 Y=-25600.000 Z=-25600.000), Max=(X=25600.000 Y=25600.000 Z=25600.000) RuntimeGrid:None EditorOnly:0 RuntimeOnly:0 HLODRelevant:0
 |- ContainerInstances:
 |- [+] MainContainer:
 |   |-        ID: 0x0000000000000000
 |   |-    Bounds: IsValid=true, Min=(X=-25200.000 Y=-25200.000 Z=-550.000), Max=(X=25200.000 Y=25200.000 Z=200.000)
 |   |- Transform: 0.000000,0.000000,0.000000|0.000000,0.000000,-0.000000|1.000000,1.000000,1.000000
 |   |- Container: /Game/Maps/Gameplay/DecreaseSizeOverTime
----------------------------------------------------------------------------------------------------------------
DecreaseSizeOverTime - Persistent Level
----------------------------------------------------------------------------------------------------------------
Always loaded Actor Count: 39 

----------------------------------------------------------------------------------------------------------------
DecreaseSizeOverTime - Runtime Spatial Hash - Streaming Grid - MainGrid
----------------------------------------------------------------------------------------------------------------
            Origin: X=0.000 Y=0.000 Z=0.000
         Cell Size: 12800
      World Bounds: IsValid=true, Min=(X=-25200.000 Y=-25200.000 Z=-550.000), Max=(X=25200.000 Y=25200.000 Z=200.000)
     Loading Range: 25600.00
Block Slow Loading: No
 ClientOnlyVisible: No

[+] Grid Levels: 3
 |- Level  0: Cell Count   16 | Cell Size   12800 | Actor Count   17 (100.0%)
 |- Level  1: Cell Count    0 | Cell Size   25600 | Actor Count    0 (0.0%)
 |- Level  2: Cell Count    0 | Cell Size   51200 | Actor Count    0 (0.0%)

[+] Content of Grid Level 0
 |- [+] Content of Cell MainGrid_L0_X0_Y0
 |   |- Actor Count: 2
 |   |- Actor Path: /Game/Maps/Gameplay/DecreaseSizeOverTime.DecreaseSizeOverTime:PersistentLevel.BP_Trash_C_UAID_70CD0DF2DDBA8B8701_1961145183
 |   |- Actor Package: /Game/__ExternalActors__/Maps/Gameplay/DecreaseSizeOverTime/2/OC/ZSCTC2XCAGUBFOAPMKIOLJ
 |   |- Actor Path: /Game/Maps/Gameplay/DecreaseSizeOverTime.DecreaseSizeOverTime:PersistentLevel.LandscapeStreamingProxy_76KO0M9DK23K4J39FIM28DFU5_126_2_2_0
 |   |- Actor Package: /Game/__ExternalActors__/Maps/Gameplay/DecreaseSizeOverTime/D/LZ/NLLMUFXEFXACC8ADFRZ296
 |- [+] Content of Cell MainGrid_L0_X-2_Y-2
 |   |- Actor Count: 1
 |   |- Actor Path: /Game/Maps/Gameplay/DecreaseSizeOverTime.DecreaseSizeOverTime:PersistentLevel.LandscapeStreamingProxy_76KO0M9DK23K4J39FIM28DFU5_126_0_0_0
 |   |- Actor Package: /Game/__ExternalActors__/Maps/Gameplay/DecreaseSizeOverTime/C/5C/TK3WCMSMH3ANPW98EQXHLC
 |- [+] Content of Cell MainGrid_L0_X-1_Y-2
 |   |- Actor Count: 1
 |   |- Actor Path: /Game/Maps/Gameplay/DecreaseSizeOverTime.DecreaseSizeOverTime:PersistentLevel.LandscapeStreamingProxy_76KO0M9DK23K4J39FIM28DFU5_126_1_0_0
 |   |- Actor Package: /Game/__ExternalActors__/Maps/Gameplay/DecreaseSizeOverTime/1/9Y/H8NCGF50W5BR6BFYMSTA0Y
 |- [+] Content of Cell MainGrid_L0_X0_Y-2
 |   |- Actor Count: 1
 |   |- Actor Path: /Game/Maps/Gameplay/DecreaseSizeOverTime.DecreaseSizeOverTime:PersistentLevel.LandscapeStreamingProxy_76KO0M9DK23K4J39FIM28DFU5_126_2_0_0
 |   |- Actor Package: /Game/__ExternalActors__/Maps/Gameplay/DecreaseSizeOverTime/1/KD/J9IIMKPPDCFFJG77AYOBTU
 |- [+] Content of Cell MainGrid_L0_X1_Y-2
 |   |- Actor Count: 1
 |   |- Actor Path: /Game/Maps/Gameplay/DecreaseSizeOverTime.DecreaseSizeOverTime:PersistentLevel.LandscapeStreamingProxy_76KO0M9DK23K4J39FIM28DFU5_126_3_0_0
 |   |- Actor Package: /Game/__ExternalActors__/Maps/Gameplay/DecreaseSizeOverTime/4/T5/DKK5AAEAYWHCAGOXXR3EN5
 |- [+] Content of Cell MainGrid_L0_X-2_Y-1
 |   |- Actor Count: 1
 |   |- Actor Path: /Game/Maps/Gameplay/DecreaseSizeOverTime.DecreaseSizeOverTime:PersistentLevel.LandscapeStreamingProxy_76KO0M9DK23K4J39FIM28DFU5_126_0_1_0
 |   |- Actor Package: /Game/__ExternalActors__/Maps/Gameplay/DecreaseSizeOverTime/F/3B/IUW1DE1QVZ8GRXWOCSABR6
 |- [+] Content of Cell MainGrid_L0_X-1_Y-1
 |   |- Actor Count: 1
 |   |- Actor Path: /Game/Maps/Gameplay/DecreaseSizeOverTime.DecreaseSizeOverTime:PersistentLevel.LandscapeStreamingProxy_76KO0M9DK23K4J39FIM28DFU5_126_1_1_0
 |   |- Actor Package: /Game/__ExternalActors__/Maps/Gameplay/DecreaseSizeOverTime/1/YH/VZPT0ERVXDYMSABM9HOLDI
 |- [+] Content of Cell MainGrid_L0_X0_Y-1
 |   |- Actor Count: 1
 |   |- Actor Path: /Game/Maps/Gameplay/DecreaseSizeOverTime.DecreaseSizeOverTime:PersistentLevel.LandscapeStreamingProxy_76KO0M9DK23K4J39FIM28DFU5_126_2_1_0
 |   |- Actor Package: /Game/__ExternalActors__/Maps/Gameplay/DecreaseSizeOverTime/7/74/YK1RTPAA82DBUJCNGPGT42
 |- [+] Content of Cell MainGrid_L0_X1_Y-1
 |   |- Actor Count: 1
 |   |- Actor Path: /Game/Maps/Gameplay/DecreaseSizeOverTime.DecreaseSizeOverTime:PersistentLevel.LandscapeStreamingProxy_76KO0M9DK23K4J39FIM28DFU5_126_3_1_0
 |   |- Actor Package: /Game/__ExternalActors__/Maps/Gameplay/DecreaseSizeOverTime/B/JN/V50FXVPIIMPUA30R0VBP7D
 |- [+] Content of Cell MainGrid_L0_X-2_Y0
 |   |- Actor Count: 1
 |   |- Actor Path: /Game/Maps/Gameplay/DecreaseSizeOverTime.DecreaseSizeOverTime:PersistentLevel.LandscapeStreamingProxy_76KO0M9DK23K4J39FIM28DFU5_126_0_2_0
 |   |- Actor Package: /Game/__ExternalActors__/Maps/Gameplay/DecreaseSizeOverTime/6/HY/QODNTP53HH8BN1Z6N5F38J
 |- [+] Content of Cell MainGrid_L0_X-1_Y0
 |   |- Actor Count: 1
 |   |- Actor Path: /Game/Maps/Gameplay/DecreaseSizeOverTime.DecreaseSizeOverTime:PersistentLevel.LandscapeStreamingProxy_76KO0M9DK23K4J39FIM28DFU5_126_1_2_0
 |   |- Actor Package: /Game/__ExternalActors__/Maps/Gameplay/DecreaseSizeOverTime/6/WX/VSLBVU28FX40CCAGQNP76W
 |- [+] Content of Cell MainGrid_L0_X1_Y0
 |   |- Actor Count: 1
 |   |- Actor Path: /Game/Maps/Gameplay/DecreaseSizeOverTime.DecreaseSizeOverTime:PersistentLevel.LandscapeStreamingProxy_76KO0M9DK23K4J39FIM28DFU5_126_3_2_0
 |   |- Actor Package: /Game/__ExternalActors__/Maps/Gameplay/DecreaseSizeOverTime/8/TA/FADCSE1E7D6ML4Q2NXQJU0
 |- [+] Content of Cell MainGrid_L0_X-2_Y1
 |   |- Actor Count: 1
 |   |- Actor Path: /Game/Maps/Gameplay/DecreaseSizeOverTime.DecreaseSizeOverTime:PersistentLevel.LandscapeStreamingProxy_76KO0M9DK23K4J39FIM28DFU5_126_0_3_0
 |   |- Actor Package: /Game/__ExternalActors__/Maps/Gameplay/DecreaseSizeOverTime/3/7D/QBRUN9TCSS8JABVGJBFTIV
 |- [+] Content of Cell MainGrid_L0_X-1_Y1
 |   |- Actor Count: 1
 |   |- Actor Path: /Game/Maps/Gameplay/DecreaseSizeOverTime.DecreaseSizeOverTime:PersistentLevel.LandscapeStreamingProxy_76KO0M9DK23K4J39FIM28DFU5_126_1_3_0
 |   |- Actor Package: /Game/__ExternalActors__/Maps/Gameplay/DecreaseSizeOverTime/2/FK/5UZE17QYQMIOYCF3Z20U1C
 |- [+] Content of Cell MainGrid_L0_X0_Y1
 |   |- Actor Count: 1
 |   |- Actor Path: /Game/Maps/Gameplay/DecreaseSizeOverTime.DecreaseSizeOverTime:PersistentLevel.LandscapeStreamingProxy_76KO0M9DK23K4J39FIM28DFU5_126_2_3_0
 |   |- Actor Package: /Game/__ExternalActors__/Maps/Gameplay/DecreaseSizeOverTime/3/SN/HDV2W4OKO1WCKF6VVVATB8
 |- [+] Content of Cell MainGrid_L0_X1_Y1
 |   |- Actor Count: 1
 |   |- Actor Path: /Game/Maps/Gameplay/DecreaseSizeOverTime.DecreaseSizeOverTime:PersistentLevel.LandscapeStreamingProxy_76KO0M9DK23K4J39FIM28DFU5_126_3_3_0
 |   |- Actor Package: /Game/__ExternalActors__/Maps/Gameplay/DecreaseSizeOverTime/3/DT/P8EEVW5KX3FP9EYJRVOGGV
[+] Content of Grid Level 1
[+] Content of Grid Level 2

