[+] Containers:
 |- [+] Container: /Game/Maps/Gameplay/TimeTrial
 |   |- [+] ActorDescs:
 |   |   |- Guid:014DCCAA4ABBB4B50E17899094D0723E BaseClass: NativeClass:/Script/Landscape.LandscapeStreamingProxy Name:LandscapeStreamingProxy_16KBQW6OX9TLN3EIDFJ0DJ58B_126_3_0_0 Label:LandscapeStreamingProxy_3_0_0 SpatiallyLoaded:1 Bounds:IsValid=true, Min=(X=12600.000 Y=-25200.000 Z=0.000), Max=(X=25200.000 Y=-12600.000 Z=200.000) RuntimeGrid:None EditorOnly:0 RuntimeOnly:0 HLODRelevant:1
 |   |   |- Guid:051C3DA54FB80851A902FB94A7D1C2D8 BaseClass: NativeClass:/Script/GeometryCollectionEngine.GeometryCollectionActor Name:GeometryCollectionActor_UAID_70CD0DF2DDBA8D9101_1679879101 Label:BreakableCube SpatiallyLoaded:1 Bounds:IsValid=true, Min=(X=-1296.646 Y=-905.333 Z=-84.226), Max=(X=-784.041 Y=-333.080 Z=506.346) RuntimeGrid:None EditorOnly:0 RuntimeOnly:0 HLODRelevant:0
 |   |   |- Guid:0B67E5924ACBCECFD5A348A2DBFF8B4E BaseClass: NativeClass:/Script/Water.WaterZone Name:WaterZone_UAID_FC3497A4A7DE60AD01_1363722067 Label:WaterZone SpatiallyLoaded:0 Bounds:IsValid=true, Min=(X=-25600.000 Y=-25600.000 Z=-25600.000), Max=(X=25600.000 Y=25600.000 Z=25600.000) RuntimeGrid:None EditorOnly:0 RuntimeOnly:0 HLODRelevant:0
 |   |   |- Guid:1B0A733942E67909D5709998DC0B2475 BaseClass: NativeClass:/Script/Landscape.LandscapeStreamingProxy Name:LandscapeStreamingProxy_16KBQW6OX9TLN3EIDFJ0DJ58B_126_2_1_0 Label:LandscapeStreamingProxy_2_1_0 SpatiallyLoaded:1 Bounds:IsValid=true, Min=(X=0.000 Y=-12600.000 Z=-398.438), Max=(X=12600.000 Y=0.000 Z=200.000) RuntimeGrid:None EditorOnly:0 RuntimeOnly:0 HLODRelevant:1
 |   |   |- Guid:1C5FF51143F0049655AF09A5B9A31274 BaseClass: NativeClass:/Script/Landscape.LandscapeStreamingProxy Name:LandscapeStreamingProxy_16KBQW6OX9TLN3EIDFJ0DJ58B_126_1_3_0 Label:LandscapeStreamingProxy_1_3_0 SpatiallyLoaded:1 Bounds:IsValid=true, Min=(X=-12600.000 Y=12600.000 Z=0.000), Max=(X=0.000 Y=25200.000 Z=200.000) RuntimeGrid:None EditorOnly:0 RuntimeOnly:0 HLODRelevant:1
 |   |   |- Guid:23E6045B4394D3B2584B628A04F27BFB BaseClass:/Oceanology_Plugin/Advanced/Blueprints/FloatingObjects/BP_Modular_Simple_Pirate_Ship.BP_Modular_Simple_Pirate_Ship_C NativeClass:/Script/Engine.Pawn Name:BP_Modular_Simple_Pirate_Ship_C_UAID_70CD0DF2DDBAAD9601_1379751007 Label:BP_Modular_Simple_Pirate_Ship SpatiallyLoaded:1 Bounds:IsValid=true, Min=(X=-4562.518 Y=1586.588 Z=158.767), Max=(X=4689.852 Y=4549.966 Z=5283.502) RuntimeGrid:None EditorOnly:0 RuntimeOnly:0 HLODRelevant:0
 |   |   |- Guid:2F30387B439F19336C283CAB8DEBFBD3 BaseClass: NativeClass:/Script/Landscape.LandscapeStreamingProxy Name:LandscapeStreamingProxy_16KBQW6OX9TLN3EIDFJ0DJ58B_126_2_2_0 Label:LandscapeStreamingProxy_2_2_0 SpatiallyLoaded:1 Bounds:IsValid=true, Min=(X=0.000 Y=0.000 Z=-398.438), Max=(X=12600.000 Y=12600.000 Z=200.000) RuntimeGrid:None EditorOnly:0 RuntimeOnly:0 HLODRelevant:1
 |   |   |- Guid:3015B54F48EBC69D5FE86D9CDE040C5E BaseClass: NativeClass:/Script/Landscape.LandscapeStreamingProxy Name:LandscapeStreamingProxy_16KBQW6OX9TLN3EIDFJ0DJ58B_126_0_2_0 Label:LandscapeStreamingProxy_0_2_0 SpatiallyLoaded:1 Bounds:IsValid=true, Min=(X=-25200.000 Y=0.000 Z=0.000), Max=(X=-12600.000 Y=12600.000 Z=200.000) RuntimeGrid:None EditorOnly:0 RuntimeOnly:0 HLODRelevant:1
 |   |   |- Guid:329E09704A95441E3B0FCE955ADD4848 BaseClass: NativeClass:/Script/Engine.WorldDataLayers Name:WorldDataLayers Label:WorldDataLayers SpatiallyLoaded:0 Bounds:IsValid=true, Min=(X=0.000 Y=0.000 Z=0.000), Max=(X=0.000 Y=0.000 Z=0.000) RuntimeGrid:None EditorOnly:0 RuntimeOnly:0 HLODRelevant:0
 |   |   |- Guid:3C5BCD2E492DD52BFC952B95735F709A BaseClass: NativeClass:/Script/Engine.SkyAtmosphere Name:SkyAtmosphere_0 Label:SkyAtmosphere SpatiallyLoaded:0 Bounds:IsValid=true, Min=(X=-580.925 Y=0.000 Z=1020.000), Max=(X=-580.925 Y=0.000 Z=1020.000) RuntimeGrid:None EditorOnly:0 RuntimeOnly:0 HLODRelevant:0 FolderPath:Lighting FolderGuid:963EC3EB4002CCE9759E2EBA541A873A
 |   |   |- Guid:4EE7F0C0434960EBF7FD79B25442274A BaseClass: NativeClass:/Script/Landscape.LandscapeStreamingProxy Name:LandscapeStreamingProxy_16KBQW6OX9TLN3EIDFJ0DJ58B_126_0_1_0 Label:LandscapeStreamingProxy_0_1_0 SpatiallyLoaded:1 Bounds:IsValid=true, Min=(X=-25200.000 Y=-12600.000 Z=0.000), Max=(X=-12600.000 Y=0.000 Z=200.000) RuntimeGrid:None EditorOnly:0 RuntimeOnly:0 HLODRelevant:1
 |   |   |- Guid:56094FDD48E71725200855ACDA563E1E BaseClass: NativeClass:/Script/Landscape.Landscape Name:Landscape_UAID_FC3497A4A7DE60AD01_1338887065 Label:Landscape SpatiallyLoaded:0 Bounds:IsValid=true, Min=(X=-25200.000 Y=-25200.000 Z=100.000), Max=(X=-25200.000 Y=-25200.000 Z=100.000) RuntimeGrid:None EditorOnly:0 RuntimeOnly:0 HLODRelevant:0
 |   |   |- Guid:63E749E847F7106BA5AFB6B8B6E7317D BaseClass: NativeClass:/Script/Water.WaterBodyLake Name:WaterBodyLake_UAID_FC3497A4A7DE60AD01_1363692066 Label:WaterBodyLake SpatiallyLoaded:1 Bounds:IsValid=true, Min=(X=-2240.951 Y=-3703.940 Z=-550.000), Max=(X=5388.007 Y=6092.467 Z=100.000) RuntimeGrid:None EditorOnly:0 RuntimeOnly:0 HLODRelevant:1
 |   |   |- Guid:64A1E7EF4D7C6D37FF91C4A3FF34B1C5 BaseClass: NativeClass:/Script/Landscape.LandscapeStreamingProxy Name:LandscapeStreamingProxy_16KBQW6OX9TLN3EIDFJ0DJ58B_126_2_0_0 Label:LandscapeStreamingProxy_2_0_0 SpatiallyLoaded:1 Bounds:IsValid=true, Min=(X=0.000 Y=-25200.000 Z=0.000), Max=(X=12600.000 Y=-12600.000 Z=200.000) RuntimeGrid:None EditorOnly:0 RuntimeOnly:0 HLODRelevant:1
 |   |   |- Guid:70DC723F4579508C537044B4623130DB BaseClass: NativeClass:/Script/GeometryCollectionEngine.GeometryCollectionActor Name:GeometryCollectionActor_UAID_70CD0DF2DDBA6D9301_1353241576 Label:Fracturable_Cube_GeometryCollection SpatiallyLoaded:1 Bounds:IsValid=true, Min=(X=-1135.000 Y=-835.000 Z=41.755), Max=(X=-885.000 Y=-585.000 Z=291.755) RuntimeGrid:None EditorOnly:0 RuntimeOnly:0 HLODRelevant:0
 |   |   |- Guid:7BFAEF32406D384534830A874495EFF3 BaseClass: NativeClass:/Script/Engine.DirectionalLight Name:DirectionalLight_0 Label:DirectionalLight SpatiallyLoaded:0 Bounds:IsValid=true, Min=(X=-4398046511104.000 Y=-4398046511104.000 Z=-4398046511104.000), Max=(X=4398046511104.000 Y=4398046511104.000 Z=4398046511104.000) RuntimeGrid:None EditorOnly:0 RuntimeOnly:0 HLODRelevant:0 FolderPath:Lighting FolderGuid:963EC3EB4002CCE9759E2EBA541A873A
 |   |   |- Guid:889AF4594BB1BE63F5AA649C8A0F68E9 BaseClass: NativeClass:/Script/Landscape.LandscapeStreamingProxy Name:LandscapeStreamingProxy_16KBQW6OX9TLN3EIDFJ0DJ58B_126_3_2_0 Label:LandscapeStreamingProxy_3_2_0 SpatiallyLoaded:1 Bounds:IsValid=true, Min=(X=12600.000 Y=0.000 Z=0.000), Max=(X=25200.000 Y=12600.000 Z=200.000) RuntimeGrid:None EditorOnly:0 RuntimeOnly:0 HLODRelevant:1
 |   |   |- Guid:8E88948F4B45D34057878992F61C6546 BaseClass: NativeClass:/Script/Engine.PlayerStart Name:PlayerStart_UAID_001A7DDA7115B08901_1998830807 Label:PlayerStart SpatiallyLoaded:0 Bounds:IsValid=true, Min=(X=-300.000 Y=-853.033 Z=-14.741), Max=(X=-220.000 Y=-773.033 Z=169.259) RuntimeGrid:None EditorOnly:0 RuntimeOnly:0 HLODRelevant:0
 |   |   |- Guid:92477BBC4870190DD4F98FA63594AA9F BaseClass:/Game/Blueprints/BP_Trash.BP_Trash_C NativeClass:/Script/Engine.Actor Name:BP_Trash_C_UAID_70CD0DF2DDBAA19101_1125719621 Label:BP_Trash SpatiallyLoaded:1 Bounds:IsValid=true, Min=(X=26.212 Y=-415.860 Z=112.455), Max=(X=34.797 Y=-407.275 Z=138.828) RuntimeGrid:None EditorOnly:0 RuntimeOnly:0 HLODRelevant:0 HLODLayer:/Engine/OpenWorldTemplate/HLOD/HLOD0_Instancing.HLOD0_Instancing FolderPath:Trash FolderGuid:B9F5D6A54A6B84A8C6068398DC3A0D3A
 |   |   |- Guid:995C79124E03D87326547A94EBD7F755 BaseClass: NativeClass:/Script/Engine.ExponentialHeightFog Name:ExponentialHeightFog_0 Label:ExponentialHeightFog SpatiallyLoaded:0 Bounds:IsValid=true, Min=(X=-5600.000 Y=-50.000 Z=-6850.000), Max=(X=-5600.000 Y=-50.000 Z=-6850.000) RuntimeGrid:None EditorOnly:0 RuntimeOnly:0 HLODRelevant:0 FolderPath:Lighting FolderGuid:963EC3EB4002CCE9759E2EBA541A873A
 |   |   |- Guid:9FA70F264303AAA00697879D80B1CC5B BaseClass: NativeClass:/Script/Landscape.LandscapeStreamingProxy Name:LandscapeStreamingProxy_16KBQW6OX9TLN3EIDFJ0DJ58B_126_3_3_0 Label:LandscapeStreamingProxy_3_3_0 SpatiallyLoaded:1 Bounds:IsValid=true, Min=(X=12600.000 Y=12600.000 Z=0.000), Max=(X=25200.000 Y=25200.000 Z=200.000) RuntimeGrid:None EditorOnly:0 RuntimeOnly:0 HLODRelevant:1
 |   |   |- Guid:A7D34EAB4DE55928C4E287AE1F13A4F8 BaseClass: NativeClass:/Script/WaterEditor.WaterBrushManager Name:Landscape_WaterBrushManager_0 Label:Landscape_WaterBrushManager SpatiallyLoaded:0 Bounds:IsValid=true, Min=(X=0.000 Y=0.000 Z=0.000), Max=(X=350.000 Y=350.000 Z=50000.000) RuntimeGrid:None EditorOnly:0 RuntimeOnly:0 HLODRelevant:0
 |   |   |- Guid:AD40C48A49D4B0FA27B85EB2911441D7 BaseClass: NativeClass:/Script/Landscape.LandscapeStreamingProxy Name:LandscapeStreamingProxy_16KBQW6OX9TLN3EIDFJ0DJ58B_126_1_0_0 Label:LandscapeStreamingProxy_1_0_0 SpatiallyLoaded:1 Bounds:IsValid=true, Min=(X=-12600.000 Y=-25200.000 Z=0.000), Max=(X=0.000 Y=-12600.000 Z=200.000) RuntimeGrid:None EditorOnly:0 RuntimeOnly:0 HLODRelevant:1
 |   |   |- Guid:B0F6D28D44209CC4A849EB8261EDC4E1 BaseClass: NativeClass:/Script/Landscape.LandscapeStreamingProxy Name:LandscapeStreamingProxy_16KBQW6OX9TLN3EIDFJ0DJ58B_126_3_1_0 Label:LandscapeStreamingProxy_3_1_0 SpatiallyLoaded:1 Bounds:IsValid=true, Min=(X=12600.000 Y=-12600.000 Z=0.000), Max=(X=25200.000 Y=0.000 Z=200.000) RuntimeGrid:None EditorOnly:0 RuntimeOnly:0 HLODRelevant:1
 |   |   |- Guid:B56305E34294ADA288ACFB87EA8F2EC5 BaseClass: NativeClass:/Script/Landscape.LandscapeStreamingProxy Name:LandscapeStreamingProxy_16KBQW6OX9TLN3EIDFJ0DJ58B_126_2_3_0 Label:LandscapeStreamingProxy_2_3_0 SpatiallyLoaded:1 Bounds:IsValid=true, Min=(X=0.000 Y=12600.000 Z=0.000), Max=(X=12600.000 Y=25200.000 Z=200.000) RuntimeGrid:None EditorOnly:0 RuntimeOnly:0 HLODRelevant:1
 |   |   |- Guid:CB5648CA4DAC02161EE595A15ADCCD19 BaseClass: NativeClass:/Script/Landscape.LandscapeStreamingProxy Name:LandscapeStreamingProxy_16KBQW6OX9TLN3EIDFJ0DJ58B_126_1_1_0 Label:LandscapeStreamingProxy_1_1_0 SpatiallyLoaded:1 Bounds:IsValid=true, Min=(X=-12600.000 Y=-12600.000 Z=-396.875), Max=(X=0.000 Y=0.000 Z=200.000) RuntimeGrid:None EditorOnly:0 RuntimeOnly:0 HLODRelevant:1
 |   |   |- Guid:CD07F0C5418D2B871BA328BF25CCBA9F BaseClass: NativeClass:/Script/Engine.StaticMeshActor Name:StaticMeshActor_UAID_70CD0DF2DDBA8C9101_2026778923 Label:Plane SpatiallyLoaded:1 Bounds:IsValid=true, Min=(X=-1236.938 Y=-883.938 Z=41.755), Max=(X=-812.332 Y=-459.333 Z=41.755) RuntimeGrid:None EditorOnly:0 RuntimeOnly:0 HLODRelevant:1
 |   |   |- Guid:D42787264EF8BC4DC4CFBD96A57E9C83 BaseClass: NativeClass:/Script/Landscape.LandscapeStreamingProxy Name:LandscapeStreamingProxy_16KBQW6OX9TLN3EIDFJ0DJ58B_126_1_2_0 Label:LandscapeStreamingProxy_1_2_0 SpatiallyLoaded:1 Bounds:IsValid=true, Min=(X=-12600.000 Y=0.000 Z=-392.969), Max=(X=0.000 Y=12600.000 Z=200.000) RuntimeGrid:None EditorOnly:0 RuntimeOnly:0 HLODRelevant:1
 |   |   |- Guid:E28D500C4D3B0BC59E37199BCB111460 BaseClass: NativeClass:/Script/Engine.PostProcessVolume Name:PostProcessVolume_0 Label:PostProcessVolume SpatiallyLoaded:0 Bounds:IsValid=true, Min=(X=-662.468 Y=0.000 Z=400.000), Max=(X=-462.468 Y=200.000 Z=600.000) RuntimeGrid:None EditorOnly:0 RuntimeOnly:0 HLODRelevant:0 FolderPath:Lighting FolderGuid:963EC3EB4002CCE9759E2EBA541A873A
 |   |   |- Guid:EDF97763449CDA12BB2AA8834EA69717 BaseClass: NativeClass:/Script/Landscape.LandscapeStreamingProxy Name:LandscapeStreamingProxy_16KBQW6OX9TLN3EIDFJ0DJ58B_126_0_3_0 Label:LandscapeStreamingProxy_0_3_0 SpatiallyLoaded:1 Bounds:IsValid=true, Min=(X=-25200.000 Y=12600.000 Z=0.000), Max=(X=-12600.000 Y=25200.000 Z=200.000) RuntimeGrid:None EditorOnly:0 RuntimeOnly:0 HLODRelevant:1
 |   |   |- Guid:EFACD72741D81B90632504B5386EFD7E BaseClass: NativeClass:/Script/Engine.SkyLight Name:SkyLight_1 Label:SkyLight SpatiallyLoaded:0 Bounds:IsValid=true, Min=(X=-580.925 Y=0.000 Z=692.000), Max=(X=-580.925 Y=0.000 Z=692.000) RuntimeGrid:None EditorOnly:0 RuntimeOnly:0 HLODRelevant:0 FolderPath:Lighting FolderGuid:963EC3EB4002CCE9759E2EBA541A873A
 |   |   |- Guid:F0C4264C48C404B0E9F6C1AF9B0A93DF BaseClass: NativeClass:/Script/Landscape.LandscapeStreamingProxy Name:LandscapeStreamingProxy_16KBQW6OX9TLN3EIDFJ0DJ58B_126_0_0_0 Label:LandscapeStreamingProxy_0_0_0 SpatiallyLoaded:1 Bounds:IsValid=true, Min=(X=-25200.000 Y=-25200.000 Z=0.000), Max=(X=-12600.000 Y=-12600.000 Z=200.000) RuntimeGrid:None EditorOnly:0 RuntimeOnly:0 HLODRelevant:1
 |   |- [+] Clusters:
 |   |   |- [+] [  0]
 |   |   |   |- Guid:E28D500C4D3B0BC59E37199BCB111460 BaseClass: NativeClass:/Script/Engine.PostProcessVolume Name:PostProcessVolume_0 Label:PostProcessVolume SpatiallyLoaded:0 Bounds:IsValid=true, Min=(X=-662.468 Y=0.000 Z=400.000), Max=(X=-462.468 Y=200.000 Z=600.000) RuntimeGrid:None EditorOnly:0 RuntimeOnly:0 HLODRelevant:0 FolderPath:Lighting FolderGuid:963EC3EB4002CCE9759E2EBA541A873A
 |   |   |- [+] [  1]
 |   |   |   |- Guid:3C5BCD2E492DD52BFC952B95735F709A BaseClass: NativeClass:/Script/Engine.SkyAtmosphere Name:SkyAtmosphere_0 Label:SkyAtmosphere SpatiallyLoaded:0 Bounds:IsValid=true, Min=(X=-580.925 Y=0.000 Z=1020.000), Max=(X=-580.925 Y=0.000 Z=1020.000) RuntimeGrid:None EditorOnly:0 RuntimeOnly:0 HLODRelevant:0 FolderPath:Lighting FolderGuid:963EC3EB4002CCE9759E2EBA541A873A
 |   |   |- [+] [  2]
 |   |   |   |- Guid:92477BBC4870190DD4F98FA63594AA9F BaseClass:/Game/Blueprints/BP_Trash.BP_Trash_C NativeClass:/Script/Engine.Actor Name:BP_Trash_C_UAID_70CD0DF2DDBAA19101_1125719621 Label:BP_Trash SpatiallyLoaded:1 Bounds:IsValid=true, Min=(X=26.212 Y=-415.860 Z=112.455), Max=(X=34.797 Y=-407.275 Z=138.828) RuntimeGrid:None EditorOnly:0 RuntimeOnly:0 HLODRelevant:0 HLODLayer:/Engine/OpenWorldTemplate/HLOD/HLOD0_Instancing.HLOD0_Instancing FolderPath:Trash FolderGuid:B9F5D6A54A6B84A8C6068398DC3A0D3A
 |   |   |- [+] [  3]
 |   |   |   |- Guid:995C79124E03D87326547A94EBD7F755 BaseClass: NativeClass:/Script/Engine.ExponentialHeightFog Name:ExponentialHeightFog_0 Label:ExponentialHeightFog SpatiallyLoaded:0 Bounds:IsValid=true, Min=(X=-5600.000 Y=-50.000 Z=-6850.000), Max=(X=-5600.000 Y=-50.000 Z=-6850.000) RuntimeGrid:None EditorOnly:0 RuntimeOnly:0 HLODRelevant:0 FolderPath:Lighting FolderGuid:963EC3EB4002CCE9759E2EBA541A873A
 |   |   |- [+] [  4]
 |   |   |   |- Guid:CD07F0C5418D2B871BA328BF25CCBA9F BaseClass: NativeClass:/Script/Engine.StaticMeshActor Name:StaticMeshActor_UAID_70CD0DF2DDBA8C9101_2026778923 Label:Plane SpatiallyLoaded:1 Bounds:IsValid=true, Min=(X=-1236.938 Y=-883.938 Z=41.755), Max=(X=-812.332 Y=-459.333 Z=41.755) RuntimeGrid:None EditorOnly:0 RuntimeOnly:0 HLODRelevant:1
 |   |   |- [+] [  5]
 |   |   |   |- Guid:329E09704A95441E3B0FCE955ADD4848 BaseClass: NativeClass:/Script/Engine.WorldDataLayers Name:WorldDataLayers Label:WorldDataLayers SpatiallyLoaded:0 Bounds:IsValid=true, Min=(X=0.000 Y=0.000 Z=0.000), Max=(X=0.000 Y=0.000 Z=0.000) RuntimeGrid:None EditorOnly:0 RuntimeOnly:0 HLODRelevant:0
 |   |   |- [+] [  6]
 |   |   |   |- Guid:7BFAEF32406D384534830A874495EFF3 BaseClass: NativeClass:/Script/Engine.DirectionalLight Name:DirectionalLight_0 Label:DirectionalLight SpatiallyLoaded:0 Bounds:IsValid=true, Min=(X=-4398046511104.000 Y=-4398046511104.000 Z=-4398046511104.000), Max=(X=4398046511104.000 Y=4398046511104.000 Z=4398046511104.000) RuntimeGrid:None EditorOnly:0 RuntimeOnly:0 HLODRelevant:0 FolderPath:Lighting FolderGuid:963EC3EB4002CCE9759E2EBA541A873A
 |   |   |- [+] [  7]
 |   |   |   |- Guid:70DC723F4579508C537044B4623130DB BaseClass: NativeClass:/Script/GeometryCollectionEngine.GeometryCollectionActor Name:GeometryCollectionActor_UAID_70CD0DF2DDBA6D9301_1353241576 Label:Fracturable_Cube_GeometryCollection SpatiallyLoaded:1 Bounds:IsValid=true, Min=(X=-1135.000 Y=-835.000 Z=41.755), Max=(X=-885.000 Y=-585.000 Z=291.755) RuntimeGrid:None EditorOnly:0 RuntimeOnly:0 HLODRelevant:0
 |   |   |- [+] [  8]
 |   |   |   |- Guid:23E6045B4394D3B2584B628A04F27BFB BaseClass:/Oceanology_Plugin/Advanced/Blueprints/FloatingObjects/BP_Modular_Simple_Pirate_Ship.BP_Modular_Simple_Pirate_Ship_C NativeClass:/Script/Engine.Pawn Name:BP_Modular_Simple_Pirate_Ship_C_UAID_70CD0DF2DDBAAD9601_1379751007 Label:BP_Modular_Simple_Pirate_Ship SpatiallyLoaded:1 Bounds:IsValid=true, Min=(X=-4562.518 Y=1586.588 Z=158.767), Max=(X=4689.852 Y=4549.966 Z=5283.502) RuntimeGrid:None EditorOnly:0 RuntimeOnly:0 HLODRelevant:0
 |   |   |- [+] [  9]
 |   |   |   |- Guid:051C3DA54FB80851A902FB94A7D1C2D8 BaseClass: NativeClass:/Script/GeometryCollectionEngine.GeometryCollectionActor Name:GeometryCollectionActor_UAID_70CD0DF2DDBA8D9101_1679879101 Label:BreakableCube SpatiallyLoaded:1 Bounds:IsValid=true, Min=(X=-1296.646 Y=-905.333 Z=-84.226), Max=(X=-784.041 Y=-333.080 Z=506.346) RuntimeGrid:None EditorOnly:0 RuntimeOnly:0 HLODRelevant:0
 |   |   |- [+] [ 10]
 |   |   |   |- Guid:8E88948F4B45D34057878992F61C6546 BaseClass: NativeClass:/Script/Engine.PlayerStart Name:PlayerStart_UAID_001A7DDA7115B08901_1998830807 Label:PlayerStart SpatiallyLoaded:0 Bounds:IsValid=true, Min=(X=-300.000 Y=-853.033 Z=-14.741), Max=(X=-220.000 Y=-773.033 Z=169.259) RuntimeGrid:None EditorOnly:0 RuntimeOnly:0 HLODRelevant:0
 |   |   |- [+] [ 11]
 |   |   |   |- Guid:EFACD72741D81B90632504B5386EFD7E BaseClass: NativeClass:/Script/Engine.SkyLight Name:SkyLight_1 Label:SkyLight SpatiallyLoaded:0 Bounds:IsValid=true, Min=(X=-580.925 Y=0.000 Z=692.000), Max=(X=-580.925 Y=0.000 Z=692.000) RuntimeGrid:None EditorOnly:0 RuntimeOnly:0 HLODRelevant:0 FolderPath:Lighting FolderGuid:963EC3EB4002CCE9759E2EBA541A873A
 |   |   |- [+] [ 12]
 |   |   |   |- Guid:56094FDD48E71725200855ACDA563E1E BaseClass: NativeClass:/Script/Landscape.Landscape Name:Landscape_UAID_FC3497A4A7DE60AD01_1338887065 Label:Landscape SpatiallyLoaded:0 Bounds:IsValid=true, Min=(X=-25200.000 Y=-25200.000 Z=100.000), Max=(X=-25200.000 Y=-25200.000 Z=100.000) RuntimeGrid:None EditorOnly:0 RuntimeOnly:0 HLODRelevant:0
 |   |   |   |- Guid:A7D34EAB4DE55928C4E287AE1F13A4F8 BaseClass: NativeClass:/Script/WaterEditor.WaterBrushManager Name:Landscape_WaterBrushManager_0 Label:Landscape_WaterBrushManager SpatiallyLoaded:0 Bounds:IsValid=true, Min=(X=0.000 Y=0.000 Z=0.000), Max=(X=350.000 Y=350.000 Z=50000.000) RuntimeGrid:None EditorOnly:0 RuntimeOnly:0 HLODRelevant:0
 |   |   |- [+] [ 13]
 |   |   |   |- Guid:F0C4264C48C404B0E9F6C1AF9B0A93DF BaseClass: NativeClass:/Script/Landscape.LandscapeStreamingProxy Name:LandscapeStreamingProxy_16KBQW6OX9TLN3EIDFJ0DJ58B_126_0_0_0 Label:LandscapeStreamingProxy_0_0_0 SpatiallyLoaded:1 Bounds:IsValid=true, Min=(X=-25200.000 Y=-25200.000 Z=0.000), Max=(X=-12600.000 Y=-12600.000 Z=200.000) RuntimeGrid:None EditorOnly:0 RuntimeOnly:0 HLODRelevant:1
 |   |   |- [+] [ 14]
 |   |   |   |- Guid:AD40C48A49D4B0FA27B85EB2911441D7 BaseClass: NativeClass:/Script/Landscape.LandscapeStreamingProxy Name:LandscapeStreamingProxy_16KBQW6OX9TLN3EIDFJ0DJ58B_126_1_0_0 Label:LandscapeStreamingProxy_1_0_0 SpatiallyLoaded:1 Bounds:IsValid=true, Min=(X=-12600.000 Y=-25200.000 Z=0.000), Max=(X=0.000 Y=-12600.000 Z=200.000) RuntimeGrid:None EditorOnly:0 RuntimeOnly:0 HLODRelevant:1
 |   |   |- [+] [ 15]
 |   |   |   |- Guid:64A1E7EF4D7C6D37FF91C4A3FF34B1C5 BaseClass: NativeClass:/Script/Landscape.LandscapeStreamingProxy Name:LandscapeStreamingProxy_16KBQW6OX9TLN3EIDFJ0DJ58B_126_2_0_0 Label:LandscapeStreamingProxy_2_0_0 SpatiallyLoaded:1 Bounds:IsValid=true, Min=(X=0.000 Y=-25200.000 Z=0.000), Max=(X=12600.000 Y=-12600.000 Z=200.000) RuntimeGrid:None EditorOnly:0 RuntimeOnly:0 HLODRelevant:1
 |   |   |- [+] [ 16]
 |   |   |   |- Guid:014DCCAA4ABBB4B50E17899094D0723E BaseClass: NativeClass:/Script/Landscape.LandscapeStreamingProxy Name:LandscapeStreamingProxy_16KBQW6OX9TLN3EIDFJ0DJ58B_126_3_0_0 Label:LandscapeStreamingProxy_3_0_0 SpatiallyLoaded:1 Bounds:IsValid=true, Min=(X=12600.000 Y=-25200.000 Z=0.000), Max=(X=25200.000 Y=-12600.000 Z=200.000) RuntimeGrid:None EditorOnly:0 RuntimeOnly:0 HLODRelevant:1
 |   |   |- [+] [ 17]
 |   |   |   |- Guid:4EE7F0C0434960EBF7FD79B25442274A BaseClass: NativeClass:/Script/Landscape.LandscapeStreamingProxy Name:LandscapeStreamingProxy_16KBQW6OX9TLN3EIDFJ0DJ58B_126_0_1_0 Label:LandscapeStreamingProxy_0_1_0 SpatiallyLoaded:1 Bounds:IsValid=true, Min=(X=-25200.000 Y=-12600.000 Z=0.000), Max=(X=-12600.000 Y=0.000 Z=200.000) RuntimeGrid:None EditorOnly:0 RuntimeOnly:0 HLODRelevant:1
 |   |   |- [+] [ 18]
 |   |   |   |- Guid:CB5648CA4DAC02161EE595A15ADCCD19 BaseClass: NativeClass:/Script/Landscape.LandscapeStreamingProxy Name:LandscapeStreamingProxy_16KBQW6OX9TLN3EIDFJ0DJ58B_126_1_1_0 Label:LandscapeStreamingProxy_1_1_0 SpatiallyLoaded:1 Bounds:IsValid=true, Min=(X=-12600.000 Y=-12600.000 Z=-396.875), Max=(X=0.000 Y=0.000 Z=200.000) RuntimeGrid:None EditorOnly:0 RuntimeOnly:0 HLODRelevant:1
 |   |   |- [+] [ 19]
 |   |   |   |- Guid:1B0A733942E67909D5709998DC0B2475 BaseClass: NativeClass:/Script/Landscape.LandscapeStreamingProxy Name:LandscapeStreamingProxy_16KBQW6OX9TLN3EIDFJ0DJ58B_126_2_1_0 Label:LandscapeStreamingProxy_2_1_0 SpatiallyLoaded:1 Bounds:IsValid=true, Min=(X=0.000 Y=-12600.000 Z=-398.438), Max=(X=12600.000 Y=0.000 Z=200.000) RuntimeGrid:None EditorOnly:0 RuntimeOnly:0 HLODRelevant:1
 |   |   |- [+] [ 20]
 |   |   |   |- Guid:B0F6D28D44209CC4A849EB8261EDC4E1 BaseClass: NativeClass:/Script/Landscape.LandscapeStreamingProxy Name:LandscapeStreamingProxy_16KBQW6OX9TLN3EIDFJ0DJ58B_126_3_1_0 Label:LandscapeStreamingProxy_3_1_0 SpatiallyLoaded:1 Bounds:IsValid=true, Min=(X=12600.000 Y=-12600.000 Z=0.000), Max=(X=25200.000 Y=0.000 Z=200.000) RuntimeGrid:None EditorOnly:0 RuntimeOnly:0 HLODRelevant:1
 |   |   |- [+] [ 21]
 |   |   |   |- Guid:3015B54F48EBC69D5FE86D9CDE040C5E BaseClass: NativeClass:/Script/Landscape.LandscapeStreamingProxy Name:LandscapeStreamingProxy_16KBQW6OX9TLN3EIDFJ0DJ58B_126_0_2_0 Label:LandscapeStreamingProxy_0_2_0 SpatiallyLoaded:1 Bounds:IsValid=true, Min=(X=-25200.000 Y=0.000 Z=0.000), Max=(X=-12600.000 Y=12600.000 Z=200.000) RuntimeGrid:None EditorOnly:0 RuntimeOnly:0 HLODRelevant:1
 |   |   |- [+] [ 22]
 |   |   |   |- Guid:D42787264EF8BC4DC4CFBD96A57E9C83 BaseClass: NativeClass:/Script/Landscape.LandscapeStreamingProxy Name:LandscapeStreamingProxy_16KBQW6OX9TLN3EIDFJ0DJ58B_126_1_2_0 Label:LandscapeStreamingProxy_1_2_0 SpatiallyLoaded:1 Bounds:IsValid=true, Min=(X=-12600.000 Y=0.000 Z=-392.969), Max=(X=0.000 Y=12600.000 Z=200.000) RuntimeGrid:None EditorOnly:0 RuntimeOnly:0 HLODRelevant:1
 |   |   |- [+] [ 23]
 |   |   |   |- Guid:2F30387B439F19336C283CAB8DEBFBD3 BaseClass: NativeClass:/Script/Landscape.LandscapeStreamingProxy Name:LandscapeStreamingProxy_16KBQW6OX9TLN3EIDFJ0DJ58B_126_2_2_0 Label:LandscapeStreamingProxy_2_2_0 SpatiallyLoaded:1 Bounds:IsValid=true, Min=(X=0.000 Y=0.000 Z=-398.438), Max=(X=12600.000 Y=12600.000 Z=200.000) RuntimeGrid:None EditorOnly:0 RuntimeOnly:0 HLODRelevant:1
 |   |   |- [+] [ 24]
 |   |   |   |- Guid:889AF4594BB1BE63F5AA649C8A0F68E9 BaseClass: NativeClass:/Script/Landscape.LandscapeStreamingProxy Name:LandscapeStreamingProxy_16KBQW6OX9TLN3EIDFJ0DJ58B_126_3_2_0 Label:LandscapeStreamingProxy_3_2_0 SpatiallyLoaded:1 Bounds:IsValid=true, Min=(X=12600.000 Y=0.000 Z=0.000), Max=(X=25200.000 Y=12600.000 Z=200.000) RuntimeGrid:None EditorOnly:0 RuntimeOnly:0 HLODRelevant:1
 |   |   |- [+] [ 25]
 |   |   |   |- Guid:EDF97763449CDA12BB2AA8834EA69717 BaseClass: NativeClass:/Script/Landscape.LandscapeStreamingProxy Name:LandscapeStreamingProxy_16KBQW6OX9TLN3EIDFJ0DJ58B_126_0_3_0 Label:LandscapeStreamingProxy_0_3_0 SpatiallyLoaded:1 Bounds:IsValid=true, Min=(X=-25200.000 Y=12600.000 Z=0.000), Max=(X=-12600.000 Y=25200.000 Z=200.000) RuntimeGrid:None EditorOnly:0 RuntimeOnly:0 HLODRelevant:1
 |   |   |- [+] [ 26]
 |   |   |   |- Guid:1C5FF51143F0049655AF09A5B9A31274 BaseClass: NativeClass:/Script/Landscape.LandscapeStreamingProxy Name:LandscapeStreamingProxy_16KBQW6OX9TLN3EIDFJ0DJ58B_126_1_3_0 Label:LandscapeStreamingProxy_1_3_0 SpatiallyLoaded:1 Bounds:IsValid=true, Min=(X=-12600.000 Y=12600.000 Z=0.000), Max=(X=0.000 Y=25200.000 Z=200.000) RuntimeGrid:None EditorOnly:0 RuntimeOnly:0 HLODRelevant:1
 |   |   |- [+] [ 27]
 |   |   |   |- Guid:B56305E34294ADA288ACFB87EA8F2EC5 BaseClass: NativeClass:/Script/Landscape.LandscapeStreamingProxy Name:LandscapeStreamingProxy_16KBQW6OX9TLN3EIDFJ0DJ58B_126_2_3_0 Label:LandscapeStreamingProxy_2_3_0 SpatiallyLoaded:1 Bounds:IsValid=true, Min=(X=0.000 Y=12600.000 Z=0.000), Max=(X=12600.000 Y=25200.000 Z=200.000) RuntimeGrid:None EditorOnly:0 RuntimeOnly:0 HLODRelevant:1
 |   |   |- [+] [ 28]
 |   |   |   |- Guid:9FA70F264303AAA00697879D80B1CC5B BaseClass: NativeClass:/Script/Landscape.LandscapeStreamingProxy Name:LandscapeStreamingProxy_16KBQW6OX9TLN3EIDFJ0DJ58B_126_3_3_0 Label:LandscapeStreamingProxy_3_3_0 SpatiallyLoaded:1 Bounds:IsValid=true, Min=(X=12600.000 Y=12600.000 Z=0.000), Max=(X=25200.000 Y=25200.000 Z=200.000) RuntimeGrid:None EditorOnly:0 RuntimeOnly:0 HLODRelevant:1
 |   |   |- [+] [ 29]
 |   |   |   |- Guid:63E749E847F7106BA5AFB6B8B6E7317D BaseClass: NativeClass:/Script/Water.WaterBodyLake Name:WaterBodyLake_UAID_FC3497A4A7DE60AD01_1363692066 Label:WaterBodyLake SpatiallyLoaded:1 Bounds:IsValid=true, Min=(X=-2240.951 Y=-3703.940 Z=-550.000), Max=(X=5388.007 Y=6092.467 Z=100.000) RuntimeGrid:None EditorOnly:0 RuntimeOnly:0 HLODRelevant:1
 |   |   |- [+] [ 30]
 |   |   |   |- Guid:0B67E5924ACBCECFD5A348A2DBFF8B4E BaseClass: NativeClass:/Script/Water.WaterZone Name:WaterZone_UAID_FC3497A4A7DE60AD01_1363722067 Label:WaterZone SpatiallyLoaded:0 Bounds:IsValid=true, Min=(X=-25600.000 Y=-25600.000 Z=-25600.000), Max=(X=25600.000 Y=25600.000 Z=25600.000) RuntimeGrid:None EditorOnly:0 RuntimeOnly:0 HLODRelevant:0
 |- ContainerInstances:
 |- [+] MainContainer:
 |   |-        ID: 0x0000000000000000
 |   |-    Bounds: IsValid=true, Min=(X=-25200.000 Y=-25200.000 Z=-550.000), Max=(X=25200.000 Y=25200.000 Z=5283.502)
 |   |- Transform: 0.000000,0.000000,0.000000|0.000000,0.000000,-0.000000|1.000000,1.000000,1.000000
 |   |- Container: /Game/Maps/Gameplay/TimeTrial
----------------------------------------------------------------------------------------------------------------
TimeTrial - Persistent Level
----------------------------------------------------------------------------------------------------------------
Always loaded Actor Count: 44 

----------------------------------------------------------------------------------------------------------------
TimeTrial - Runtime Spatial Hash - Streaming Grid - MainGrid
----------------------------------------------------------------------------------------------------------------
            Origin: X=0.000 Y=0.000 Z=0.000
         Cell Size: 12800
      World Bounds: IsValid=true, Min=(X=-25200.000 Y=-25200.000 Z=-550.000), Max=(X=25200.000 Y=25200.000 Z=5283.502)
     Loading Range: 25600.00
Block Slow Loading: No
 ClientOnlyVisible: No

[+] Grid Levels: 3
 |- Level  0: Cell Count   16 | Cell Size   12800 | Actor Count   20 (100.0%)
 |- Level  1: Cell Count    0 | Cell Size   25600 | Actor Count    0 (0.0%)
 |- Level  2: Cell Count    0 | Cell Size   51200 | Actor Count    0 (0.0%)

[+] Content of Grid Level 0
 |- [+] Content of Cell MainGrid_L0_X0_Y-1
 |   |- Actor Count: 2
 |   |- Actor Path: /Game/Maps/Gameplay/TimeTrial.TimeTrial:PersistentLevel.BP_Trash_C_UAID_70CD0DF2DDBAA19101_1125719621
 |   |- Actor Package: /Game/__ExternalActors__/Maps/Gameplay/TimeTrial/3/6A/O0LWYUXI9HCV4E49JP65X6
 |   |- Actor Path: /Game/Maps/Gameplay/TimeTrial.TimeTrial:PersistentLevel.LandscapeStreamingProxy_16KBQW6OX9TLN3EIDFJ0DJ58B_126_2_1_0
 |   |- Actor Package: /Game/__ExternalActors__/Maps/Gameplay/TimeTrial/E/JL/4HWQSLLKGY6FGU4SUUCIVS
 |- [+] Content of Cell MainGrid_L0_X-1_Y-1
 |   |- Actor Count: 4
 |   |- Actor Path: /Game/Maps/Gameplay/TimeTrial.TimeTrial:PersistentLevel.StaticMeshActor_UAID_70CD0DF2DDBA8C9101_2026778923
 |   |- Actor Package: /Game/__ExternalActors__/Maps/Gameplay/TimeTrial/3/G4/TVKBBUUW2V0V8NUR23SYEF
 |   |- Actor Path: /Game/Maps/Gameplay/TimeTrial.TimeTrial:PersistentLevel.GeometryCollectionActor_UAID_70CD0DF2DDBA6D9301_1353241576
 |   |- Actor Package: /Game/__ExternalActors__/Maps/Gameplay/TimeTrial/7/5O/0HP8JLHSKF7BU0NSQMKJGN
 |   |- Actor Path: /Game/Maps/Gameplay/TimeTrial.TimeTrial:PersistentLevel.GeometryCollectionActor_UAID_70CD0DF2DDBA8D9101_1679879101
 |   |- Actor Package: /Game/__ExternalActors__/Maps/Gameplay/TimeTrial/A/N9/0YL4LWVQ9M9O3WB58VHUAM
 |   |- Actor Path: /Game/Maps/Gameplay/TimeTrial.TimeTrial:PersistentLevel.LandscapeStreamingProxy_16KBQW6OX9TLN3EIDFJ0DJ58B_126_1_1_0
 |   |- Actor Package: /Game/__ExternalActors__/Maps/Gameplay/TimeTrial/7/ET/2XOK7LV6GUNVERGOSM1NH4
 |- [+] Content of Cell MainGrid_L0_X-2_Y-2
 |   |- Actor Count: 1
 |   |- Actor Path: /Game/Maps/Gameplay/TimeTrial.TimeTrial:PersistentLevel.LandscapeStreamingProxy_16KBQW6OX9TLN3EIDFJ0DJ58B_126_0_0_0
 |   |- Actor Package: /Game/__ExternalActors__/Maps/Gameplay/TimeTrial/8/3P/8K47PWQYIF4CCGH44T5MWA
 |- [+] Content of Cell MainGrid_L0_X-1_Y-2
 |   |- Actor Count: 1
 |   |- Actor Path: /Game/Maps/Gameplay/TimeTrial.TimeTrial:PersistentLevel.LandscapeStreamingProxy_16KBQW6OX9TLN3EIDFJ0DJ58B_126_1_0_0
 |   |- Actor Package: /Game/__ExternalActors__/Maps/Gameplay/TimeTrial/5/EN/JGEZQZ0Q29S9PYHNW9CJTX
 |- [+] Content of Cell MainGrid_L0_X0_Y-2
 |   |- Actor Count: 1
 |   |- Actor Path: /Game/Maps/Gameplay/TimeTrial.TimeTrial:PersistentLevel.LandscapeStreamingProxy_16KBQW6OX9TLN3EIDFJ0DJ58B_126_2_0_0
 |   |- Actor Package: /Game/__ExternalActors__/Maps/Gameplay/TimeTrial/C/G0/SUN4PQJBAGK94QT1XZLAPC
 |- [+] Content of Cell MainGrid_L0_X1_Y-2
 |   |- Actor Count: 1
 |   |- Actor Path: /Game/Maps/Gameplay/TimeTrial.TimeTrial:PersistentLevel.LandscapeStreamingProxy_16KBQW6OX9TLN3EIDFJ0DJ58B_126_3_0_0
 |   |- Actor Package: /Game/__ExternalActors__/Maps/Gameplay/TimeTrial/C/YO/GFC7PYNO5CDLJS043EVECI
 |- [+] Content of Cell MainGrid_L0_X-2_Y-1
 |   |- Actor Count: 1
 |   |- Actor Path: /Game/Maps/Gameplay/TimeTrial.TimeTrial:PersistentLevel.LandscapeStreamingProxy_16KBQW6OX9TLN3EIDFJ0DJ58B_126_0_1_0
 |   |- Actor Package: /Game/__ExternalActors__/Maps/Gameplay/TimeTrial/7/9B/1W0R5I78WAEZ9VNHD8YY3N
 |- [+] Content of Cell MainGrid_L0_X1_Y-1
 |   |- Actor Count: 1
 |   |- Actor Path: /Game/Maps/Gameplay/TimeTrial.TimeTrial:PersistentLevel.LandscapeStreamingProxy_16KBQW6OX9TLN3EIDFJ0DJ58B_126_3_1_0
 |   |- Actor Package: /Game/__ExternalActors__/Maps/Gameplay/TimeTrial/A/31/MXFPPHUTI0WWU0JLR8G1HP
 |- [+] Content of Cell MainGrid_L0_X-2_Y0
 |   |- Actor Count: 1
 |   |- Actor Path: /Game/Maps/Gameplay/TimeTrial.TimeTrial:PersistentLevel.LandscapeStreamingProxy_16KBQW6OX9TLN3EIDFJ0DJ58B_126_0_2_0
 |   |- Actor Package: /Game/__ExternalActors__/Maps/Gameplay/TimeTrial/8/HK/C3PZYQ34EX6TRPMN9W7PGH
 |- [+] Content of Cell MainGrid_L0_X-1_Y0
 |   |- Actor Count: 1
 |   |- Actor Path: /Game/Maps/Gameplay/TimeTrial.TimeTrial:PersistentLevel.LandscapeStreamingProxy_16KBQW6OX9TLN3EIDFJ0DJ58B_126_1_2_0
 |   |- Actor Package: /Game/__ExternalActors__/Maps/Gameplay/TimeTrial/E/GQ/X2MKG5DKNXK16K32KKTY2H
 |- [+] Content of Cell MainGrid_L0_X0_Y0
 |   |- Actor Count: 1
 |   |- Actor Path: /Game/Maps/Gameplay/TimeTrial.TimeTrial:PersistentLevel.LandscapeStreamingProxy_16KBQW6OX9TLN3EIDFJ0DJ58B_126_2_2_0
 |   |- Actor Package: /Game/__ExternalActors__/Maps/Gameplay/TimeTrial/7/O8/B63MDYBJIGD290KYS3O4YW
 |- [+] Content of Cell MainGrid_L0_X1_Y0
 |   |- Actor Count: 1
 |   |- Actor Path: /Game/Maps/Gameplay/TimeTrial.TimeTrial:PersistentLevel.LandscapeStreamingProxy_16KBQW6OX9TLN3EIDFJ0DJ58B_126_3_2_0
 |   |- Actor Package: /Game/__ExternalActors__/Maps/Gameplay/TimeTrial/8/C8/DD6NP6PVY2I9H3MOANAWM2
 |- [+] Content of Cell MainGrid_L0_X-2_Y1
 |   |- Actor Count: 1
 |   |- Actor Path: /Game/Maps/Gameplay/TimeTrial.TimeTrial:PersistentLevel.LandscapeStreamingProxy_16KBQW6OX9TLN3EIDFJ0DJ58B_126_0_3_0
 |   |- Actor Package: /Game/__ExternalActors__/Maps/Gameplay/TimeTrial/0/6Y/0SS6W6MSBXMZ1BGMLHUUDG
 |- [+] Content of Cell MainGrid_L0_X-1_Y1
 |   |- Actor Count: 1
 |   |- Actor Path: /Game/Maps/Gameplay/TimeTrial.TimeTrial:PersistentLevel.LandscapeStreamingProxy_16KBQW6OX9TLN3EIDFJ0DJ58B_126_1_3_0
 |   |- Actor Package: /Game/__ExternalActors__/Maps/Gameplay/TimeTrial/D/CS/5ZXNJALL4I18KMQ0HQYKE4
 |- [+] Content of Cell MainGrid_L0_X0_Y1
 |   |- Actor Count: 1
 |   |- Actor Path: /Game/Maps/Gameplay/TimeTrial.TimeTrial:PersistentLevel.LandscapeStreamingProxy_16KBQW6OX9TLN3EIDFJ0DJ58B_126_2_3_0
 |   |- Actor Package: /Game/__ExternalActors__/Maps/Gameplay/TimeTrial/0/SX/T81PQK3SE3GFECODGM5NLI
 |- [+] Content of Cell MainGrid_L0_X1_Y1
 |   |- Actor Count: 1
 |   |- Actor Path: /Game/Maps/Gameplay/TimeTrial.TimeTrial:PersistentLevel.LandscapeStreamingProxy_16KBQW6OX9TLN3EIDFJ0DJ58B_126_3_3_0
 |   |- Actor Package: /Game/__ExternalActors__/Maps/Gameplay/TimeTrial/1/P4/HWVCX3NBWKE09QQC8OCXNV
[+] Content of Grid Level 1
[+] Content of Grid Level 2

